[00:00:00] AleRax v1.2.0
[00:00:00] AleRax was called as follow:
/nfs/home/aadria/AleRax/build/bin/alerax --families families_file.txt --rec-model UndatedDTL --species-tree-search HYBRID -s random 

[00:00:00] Run settings:
	Family file: families_file.txt
	Starting species tree: generated randomly 
	Output directory: alerax_output
	You are running GeneRax without MPI (no parallelization)
	Number of reconciled gene trees to sample: 100
	Random seed: 123
	Reconciliation model: UndatedDTL
	Model parametrization:  global to all species and families
Rate optimizer: LBFGSB
	Memory savings: OFF
	Transfer constraints: transfers to parents are forbidden
	Prune species mode is disabled
	Gene tree rooting: all gene tree root positions are considered with the same probability
	Origination strategy: gene families can originate from each species with the same probability
	Species tree search: enabled (the species tree will be inferred from the gene tree distributions)
	AleRax will exclude gene families covering less than 1 species

[00:00:00] Generating ccp files...
[00:01:08] Filtering families
[00:01:08] Families: 288
[00:01:08] Triming families covering less than 1 species 
[00:01:10] Remaining families: 288
[00:01:10] Initializing starting species tree...
[00:01:12] Finished starting species tree initialization
[00:01:12] Checking that ccp and mappings are valid...
[00:01:19] Input data information:
- Number of gene families: 288
- Number of species: 29
- Total number of genes: 8352
- Average number of genes per family: 29
- Maximum number of genes per family: 29
- Species covered with the smallest family coverage: "species11" (covered by 288/288 families)
- Average (over species) species family coverage: 288

(((species8:0.100000,species17:0.100000)Node_species8_species17_0:0.100000,(species26:0.100000,species18:0.100000)Node_species26_species18_0:0.100000)Node_species8_species26_0:0.100000,(((((species12:0.100000,(species16:0.100000,(species28:0.100000,species2:0.100000)Node_species28_species2_0:0.100000)Node_species16_species28_0:0.100000)Node_species12_species16_0:0.100000,(species0:0.100000,(species3:0.100000,species1:0.100000)Node_species3_species1_0:0.100000)Node_species0_species3_0:0.100000)Node_species12_species0_0:0.100000,(((species4:0.100000,((species22:0.100000,species14:0.100000)Node_species22_species14_0:0.100000,species24:0.100000)Node_species22_species24_0:0.100000)Node_species4_species22_0:0.100000,(species25:0.100000,(species10:0.100000,(species19:0.100000,species15:0.100000)Node_species19_species15_0:0.100000)Node_species10_species19_0:0.100000)Node_species25_species10_0:0.100000)Node_species4_species25_0:0.100000,((species6:0.100000,species13:0.100000)Node_species6_species13_0:0.100000,(species27:0.100000,species23:0.100000)Node_species27_species23_0:0.100000)Node_species6_species27_0:0.100000)Node_species4_species6_0:0.100000)Node_species12_species4_0:0.100000,(species20:0.100000,(species21:0.100000,species9:0.100000)Node_species21_species9_0:0.100000)Node_species20_species21_0:0.100000)Node_species12_species20_0:0.100000,(species7:0.100000,(species5:0.100000,species11:0.100000)Node_species5_species11_0:0.100000)Node_species7_species5_0:0.100000)Node_species12_species7_0:0.100000)Node_species8_species12_0:0.100000;
[00:01:23] Initializing ccps and evaluators...
[00:02:51] Initializing ccps finished
[00:02:51] Total number of clades: 1991258
[00:02:51] Load balancing: 1
[00:02:51] Recommended maximum number of cores: 25
[00:02:51] Initial ll=-40112.4

[00:02:52] [Species search] Root search with depth=3
Found better root -40091.2
[00:26:16] [Species search] After root search: LL=-40091.2 

[00:26:17] [Species search] Starting species tree transfer-guided search, bestLL=-40091.2, hash=45059)
[00:27:29] [Species search] Optimizing model rates (light)
[00:27:29] Free parameters: 3
[00:28:40] (0.1, 0.1, 0.1, score = -40091.2)
[00:29:51] (0.1, 0.1, 0.1, score = -40091.2)
[00:31:02] (0.1, 0.1, 0.1, score = -40091.2)
[00:32:13] (0.1, 0.1, 0.1, score = -40091.2)
[00:33:24] (1e-10, 2, 2, score = -37687.3)
[00:34:35] (2e-10, 2, 2, score = -37687.3)
[00:35:45] (1e-10, 2, 2, score = -37687.3)
[00:36:56] (1e-10, 2, 2, score = -37687.3)
[00:38:06] (1e-10, 1.76408, 1.93522, score = -37217.2)
[00:39:17] (2e-10, 1.76408, 1.93522, score = -37217.2)
[00:40:28] (1e-10, 1.76408, 1.93522, score = -37217.2)
[00:41:39] (1e-10, 1.76408, 1.93522, score = -37217.2)
[00:42:49] (1e-10, 0.820404, 1.67612, score = -35787)
[00:43:59] (2e-10, 0.820404, 1.67612, score = -35787)
[00:45:15] (1e-10, 0.820404, 1.67612, score = -35787)
[00:46:36] (1e-10, 0.820404, 1.67612, score = -35787)
[00:48:00] (1e-10, 1e-10, 1.17791, score = -35044.6)
[00:49:24] (2e-10, 1e-10, 1.17791, score = -35044.6)
[00:50:45] (1e-10, 2e-10, 1.17791, score = -35044.6)
[00:52:03] (1e-10, 1e-10, 1.17791, score = -35044.6)
[00:53:27] (1e-10, 0.160745, 1.03634, score = -34640.8)
[00:54:52] (2e-10, 0.160745, 1.03634, score = -34640.8)
[00:56:17] (1e-10, 0.160745, 1.03634, score = -34640.8)
[00:57:32] (1e-10, 0.160745, 1.03634, score = -34640.8)
[00:58:49] (1e-10, 0.286129, 1e-10, score = -103035)
[01:00:06] (2e-10, 0.286129, 1e-10, score = -102916)
[01:01:21] (1e-10, 0.286129, 1e-10, score = -103035)
[01:02:37] (1e-10, 0.286129, 2e-10, score = -101195)
[01:03:53] (1e-10, 0.203339, 0.684289, score = -34231)
[01:05:09] (2e-10, 0.203339, 0.684289, score = -34231)
[01:06:23] (1e-10, 0.203339, 0.684289, score = -34231)
[01:07:37] (1e-10, 0.203339, 0.684289, score = -34231)
[01:08:50] (1e-10, 0.189354, 0.605329, score = -34231.3)
[01:10:04] (2e-10, 0.189354, 0.605329, score = -34231.3)
[01:11:17] (1e-10, 0.189354, 0.605329, score = -34231.3)
[01:12:29] (1e-10, 0.189354, 0.605329, score = -34231.3)
[01:13:41] (1e-10, 0.196348, 0.644818, score = -34225)
[01:14:53] (2e-10, 0.196348, 0.644818, score = -34225)
[01:16:06] (1e-10, 0.196348, 0.644818, score = -34225)
[01:17:18] (1e-10, 0.196348, 0.644818, score = -34225)
[01:18:29] (1e-10, 0.19108, 0.643887, score = -34225)
[01:19:40] (2e-10, 0.19108, 0.643887, score = -34225)
[01:20:50] (1e-10, 0.19108, 0.643887, score = -34225)
[01:22:01] (1e-10, 0.19108, 0.643887, score = -34225)
[01:23:16] (1e-10, 0.192173, 0.644063, score = -34225)
[01:24:29] (2e-10, 0.192173, 0.644063, score = -34225)
[01:25:41] (1e-10, 0.192173, 0.644063, score = -34225)
[01:26:54] (1e-10, 0.192173, 0.644063, score = -34225)
[01:28:06] (1e-10, 0.192177, 0.644079, score = -34225)
[01:29:23] (2e-10, 0.192177, 0.644079, score = -34225)
[01:30:45] (1e-10, 0.192177, 0.644079, score = -34225)
[01:32:10] (1e-10, 0.192177, 0.644079, score = -34225)
[01:33:34] (1e-10, 0.19219, 0.644141, score = -34225)
[01:34:51] (2e-10, 0.19219, 0.644141, score = -34225)
[01:36:11] (1e-10, 0.19219, 0.644141, score = -34225)
[01:37:35] (1e-10, 0.19219, 0.644141, score = -34225)
[01:38:58] (1e-10, 0.192181, 0.6441, score = -34225)
[01:40:20] (2e-10, 0.192181, 0.6441, score = -34225)
[01:41:32] (1e-10, 0.192181, 0.6441, score = -34225)
[01:42:49] (1e-10, 0.192181, 0.6441, score = -34225)
[01:44:04] (1e-10, 0.192183, 0.644109, score = -34225)
[01:45:18] (2e-10, 0.192183, 0.644109, score = -34225)
[01:46:33] (1e-10, 0.192183, 0.644109, score = -34225)
[01:47:47] (1e-10, 0.192183, 0.644109, score = -34225)
[01:49:00] (1e-10, 0.192182, 0.644104, score = -34225)
[01:50:13] (2e-10, 0.192182, 0.644104, score = -34225)
[01:51:26] (1e-10, 0.192182, 0.644104, score = -34225)
[01:52:38] (1e-10, 0.192182, 0.644104, score = -34225)
[01:53:50] (1e-10, 0.192183, 0.644109, score = -34225)
[01:55:02] (2e-10, 0.192183, 0.644109, score = -34225)
[01:56:14] (1e-10, 0.192183, 0.644109, score = -34225)
[01:57:25] (1e-10, 0.192183, 0.644109, score = -34225)
[01:58:36] (1e-10, 0.192183, 0.644108, score = -34225)
[01:59:47] (2e-10, 0.192183, 0.644108, score = -34225)
[02:00:58] (1e-10, 0.192183, 0.644108, score = -34225)
[02:02:09] (1e-10, 0.192183, 0.644108, score = -34225)
[02:03:20] (1e-10, 0.192183, 0.644108, score = -34225)
[02:04:31] (2e-10, 0.192183, 0.644108, score = -34225)
[02:05:41] (1e-10, 0.192183, 0.644108, score = -34225)
[02:06:52] (1e-10, 0.192183, 0.644108, score = -34225)
[02:08:03] (1e-10, 0.192183, 0.644108, score = -34225)
[02:09:14] optx = (1e-10, 0.192183, 0.644108, score = -34225)
[02:10:24] [Species search]   After model rate opt, ll=-34225
[02:14:59] [Species search] Start new transfer-guided round. Inferred transfers:5866
[02:16:22] 	better tree (transfers:0.222222, trial: 1, ll=-34195.1, hash=57224) Node_species0_species3_0 -> Node_species8_species26_0
[02:17:41] 	better tree (transfers:0.166667, trial: 2, ll=-33810.1, hash=97000) species18 -> species23
[02:19:01] 	better tree (transfers:0.09375, trial: 3, ll=-33474.6, hash=30725) species7 -> species6
[02:20:26] 	better tree (transfers:0.0763889, trial: 4, ll=-33185.8, hash=86137) species21 -> species27
[02:21:53] 	better tree (transfers:0.0740741, trial: 5, ll=-33149.2, hash=87037) Node_species12_species20_0 -> species5
[02:23:17] 	better tree (transfers:0.0731707, trial: 6, ll=-33136.3, hash=22662) species22 -> Node_species12_species7_0
[02:27:08] 	better tree (transfers:0.0666667, trial: 9, ll=-33103.4, hash=56742) species19 -> Node_species8_species26_0
[02:29:43] 	better tree (transfers:0.0666667, trial: 11, ll=-33013.8, hash=48334) species1 -> Node_species8_species26_0
[02:31:01] 	better tree (transfers:0.0666667, trial: 12, ll=-32993.2, hash=25507) species12 -> Node_species8_species26_0
[02:32:17] 	better tree (transfers:0.0641026, trial: 13, ll=-32981.1, hash=19601) Node_species8_species17_0 -> species19
[02:33:32] 	better tree (transfers:0.0634921, trial: 14, ll=-32977.1, hash=72489) Node_species12_species4_0 -> species5
[02:36:03] 	better tree (transfers:0.0625, trial: 16, ll=-32863.6, hash=27801) species0 -> species27
[02:38:33] 	better tree (transfers:0.0590278, trial: 18, ll=-32811.3, hash=38295) species9 -> species19
[02:39:47] 	better tree (transfers:0.0555556, trial: 19, ll=-32715.7, hash=14901) species8 -> species28
[02:41:02] 	better tree (transfers:0.0552486, trial: 20, ll=-32641.9, hash=10437) Node_species22_species24_0 -> species5
[02:43:30] 	better tree (transfers:0.0540541, trial: 22, ll=-32611.7, hash=44453) Node_species26_species18_0 -> species0
[02:43:30] [Species search] Optimizing model rates (light)
[02:43:30] Free parameters: 3
[02:44:43] (1e-10, 0.192183, 0.644108, score = -32611.7)
[02:45:57] (2e-10, 0.192183, 0.644108, score = -32611.7)
[02:47:10] (1e-10, 0.192183, 0.644108, score = -32611.7)
[02:48:23] (1e-10, 0.192183, 0.644108, score = -32611.7)
[02:49:50] (1e-10, 1e-10, 1e-10, score = -143720)
[02:51:16] (2e-10, 1e-10, 1e-10, score = -143720)
[02:52:41] (1e-10, 2e-10, 1e-10, score = -143344)
[02:54:01] (1e-10, 1e-10, 2e-10, score = -140410)
[02:55:15] (1e-10, 0.127806, 0.428348, score = -32575)
[02:56:35] (2e-10, 0.127806, 0.428348, score = -32575)
[02:57:58] (1e-10, 0.127806, 0.428348, score = -32575)
[02:59:21] (1e-10, 0.127806, 0.428348, score = -32575)
[03:01:03] (1e-10, 0.161764, 0.542157, score = -32532.3)
[03:02:19] (2e-10, 0.161764, 0.542157, score = -32532.3)
[03:03:40] (1e-10, 0.161764, 0.542157, score = -32532.3)
[03:05:02] (1e-10, 0.161764, 0.542157, score = -32532.3)
[03:06:24] (1e-10, 0.100496, 0.505511, score = -32511.8)
[03:07:42] (2e-10, 0.100496, 0.505511, score = -32511.8)
[03:08:56] (1e-10, 0.100496, 0.505511, score = -32511.8)
[03:10:12] (1e-10, 0.100496, 0.505511, score = -32511.8)
[03:11:26] (1e-10, 0.104859, 0.528857, score = -32509.1)
[03:12:40] (2e-10, 0.104859, 0.528857, score = -32509.1)
[03:13:53] (1e-10, 0.104859, 0.528857, score = -32509.1)
[03:15:06] (1e-10, 0.104859, 0.528857, score = -32509.1)
[03:16:19] (1e-10, 0.10245, 0.52774, score = -32509)
[03:17:31] (2e-10, 0.10245, 0.52774, score = -32509)
[03:18:44] (1e-10, 0.10245, 0.52774, score = -32509)
[03:19:56] (1e-10, 0.10245, 0.52774, score = -32509)
[03:21:08] (1e-10, 0.102788, 0.527534, score = -32509)
[03:22:20] (2e-10, 0.102788, 0.527534, score = -32509)
[03:23:31] (1e-10, 0.102788, 0.527534, score = -32509)
[03:24:43] (1e-10, 0.102788, 0.527534, score = -32509)
[03:25:54] (1e-10, 0.102622, 0.52753, score = -32509)
[03:27:05] (2e-10, 0.102622, 0.52753, score = -32509)
[03:28:16] (1e-10, 0.102622, 0.52753, score = -32509)
[03:29:28] (1e-10, 0.102622, 0.52753, score = -32509)
[03:30:39] (1e-10, 0.102642, 0.527505, score = -32509)
[03:31:50] (2e-10, 0.102642, 0.527505, score = -32509)
[03:33:01] (1e-10, 0.102642, 0.527505, score = -32509)
[03:34:11] (1e-10, 0.102642, 0.527505, score = -32509)
[03:35:22] (1e-10, 0.102642, 0.527505, score = -32509)
[03:36:33] optx = (1e-10, 0.102642, 0.527505, score = -32509)
[03:37:44] [Species search]   After model rate opt, ll=-32509
[03:42:19] [Species search] Start new transfer-guided round. Inferred transfers:5078
[03:43:40] 	better tree (transfers:0.0833333, trial: 1, ll=-32487.6, hash=34774) Node_species28_species2_0 -> Node_species12_species0_0
[03:46:15] 	better tree (transfers:0.076555, trial: 3, ll=-32214.6, hash=7254) Node_species6_species13_0 -> species15
[03:48:58] 	better tree (transfers:0.0729167, trial: 5, ll=-32156.8, hash=55941) species1 -> species28
[03:50:18] 	better tree (transfers:0.0659722, trial: 6, ll=-32156.1, hash=54917) species12 -> species6
[03:51:30] 	better tree (transfers:0.0659722, trial: 7, ll=-31987.9, hash=18675) species26 -> species24
[03:52:45] 	better tree (transfers:0.0654206, trial: 8, ll=-31937.3, hash=28791) species3 -> Node_species22_species24_0
[04:01:12] 	better tree (transfers:0.0512821, trial: 15, ll=-31930.6, hash=62991) Node_species22_species14_0 -> Node_species19_species15_0
[04:02:23] 	better tree (transfers:0.0511628, trial: 16, ll=-31866.1, hash=21183) Node_species21_species9_0 -> species24
[04:03:35] 	better tree (transfers:0.0489796, trial: 17, ll=-31754.2, hash=94580) species2 -> Node_species10_species19_0
[04:07:09] 	better tree (transfers:0.0486726, trial: 20, ll=-31746.7, hash=45507) species8 -> Node_species20_species21_0
[04:08:20] 	better tree (transfers:0.0486111, trial: 21, ll=-31701.7, hash=79359) species14 -> species10
[04:11:53] 	better tree (transfers:0.047619, trial: 24, ll=-31669, hash=64332) Node_species12_species4_0 -> Node_species19_species15_0
[04:17:42] 	better tree (transfers:0.044898, trial: 29, ll=-31649.5, hash=32873) species11 -> Node_species10_species19_0
[04:18:53] 	better tree (transfers:0.0442478, trial: 30, ll=-31644.3, hash=43544) species22 -> Node_species20_species21_0
[04:41:28] 	better tree (transfers:0.036036, trial: 48, ll=-31556.2, hash=11398) Node_species22_species24_0 -> Node_species8_species12_0
[04:55:39] 	better tree (transfers:0.03125, trial: 60, ll=-31548.8, hash=63188) species17 -> species14
[04:55:39] [Species search] Optimizing model rates (light)
[04:55:39] Free parameters: 3
[04:56:48] (1e-10, 0.102642, 0.527505, score = -31548.8)
[04:57:58] (2e-10, 0.102642, 0.527505, score = -31548.8)
[04:59:07] (1e-10, 0.102642, 0.527505, score = -31548.8)
[05:00:15] (1e-10, 0.102642, 0.527505, score = -31548.8)
[05:01:24] (1e-10, 2, 1e-10, score = -98684.7)
[05:02:33] (2e-10, 2, 1e-10, score = -98584.8)
[05:03:42] (1e-10, 2, 1e-10, score = -98684.7)
[05:04:51] (1e-10, 2, 2e-10, score = -97087.2)
[05:06:03] (1e-10, 0.774154, 0.340811, score = -33474.1)
[05:07:20] (2e-10, 0.774154, 0.340811, score = -33474.1)
[05:08:39] (1e-10, 0.774154, 0.340811, score = -33474.1)
[05:09:58] (1e-10, 0.774154, 0.340811, score = -33474.1)
[05:11:15] (1e-10, 0.244462, 0.488076, score = -31404.4)
[05:12:29] (2e-10, 0.244462, 0.488076, score = -31404.4)
[05:13:47] (1e-10, 0.244462, 0.488076, score = -31404.4)
[05:15:06] (1e-10, 0.244462, 0.488076, score = -31404.4)
[05:16:25] (1e-10, 0.2146, 0.438864, score = -31331.6)
[05:17:42] (2e-10, 0.2146, 0.438864, score = -31331.6)
[05:18:51] (1e-10, 0.2146, 0.438864, score = -31331.6)
[05:20:04] (1e-10, 0.2146, 0.438864, score = -31331.6)
[05:21:16] (1e-10, 0.156415, 0.351435, score = -31307.4)
[05:22:28] (2e-10, 0.156415, 0.351435, score = -31307.4)
[05:23:39] (1e-10, 0.156415, 0.351435, score = -31307.4)
[05:24:50] (1e-10, 0.156415, 0.351435, score = -31307.4)
[05:26:00] (1e-10, 0.182042, 0.387873, score = -31295.6)
[05:27:11] (2e-10, 0.182042, 0.387873, score = -31295.6)
[05:28:21] (1e-10, 0.182042, 0.387873, score = -31295.6)
[05:29:31] (1e-10, 0.182042, 0.387873, score = -31295.6)
[05:30:41] (1e-10, 0.17734, 0.381809, score = -31294.9)
[05:31:51] (2e-10, 0.17734, 0.381809, score = -31294.9)
[05:33:01] (1e-10, 0.17734, 0.381809, score = -31294.9)
[05:34:10] (1e-10, 0.17734, 0.381809, score = -31294.9)
[05:35:20] (1e-10, 0.176556, 0.380818, score = -31294.9)
[05:36:29] (2e-10, 0.176556, 0.380818, score = -31294.9)
[05:37:38] (1e-10, 0.176556, 0.380818, score = -31294.9)
[05:38:47] (1e-10, 0.176556, 0.380818, score = -31294.9)
[05:39:57] (1e-10, 0.17662, 0.380936, score = -31294.9)
[05:41:06] (2e-10, 0.17662, 0.380936, score = -31294.9)
[05:42:15] (1e-10, 0.17662, 0.380936, score = -31294.9)
[05:43:24] (1e-10, 0.17662, 0.380936, score = -31294.9)
[05:44:33] (1e-10, 0.176612, 0.38093, score = -31294.9)
[05:45:41] (2e-10, 0.176612, 0.38093, score = -31294.9)
[05:46:51] (1e-10, 0.176612, 0.38093, score = -31294.9)
[05:48:00] (1e-10, 0.176612, 0.38093, score = -31294.9)
[05:49:10] (1e-10, 0.176619, 0.380935, score = -31294.9)
[05:50:27] (2e-10, 0.176619, 0.380935, score = -31294.9)
[05:51:46] (1e-10, 0.176619, 0.380935, score = -31294.9)
[05:53:05] (1e-10, 0.176619, 0.380935, score = -31294.9)
[05:54:22] (1e-10, 0.17662, 0.380936, score = -31294.9)
[05:55:35] (2e-10, 0.17662, 0.380936, score = -31294.9)
[05:56:52] (1e-10, 0.17662, 0.380936, score = -31294.9)
[05:58:11] (1e-10, 0.17662, 0.380936, score = -31294.9)
[05:59:30] (1e-10, 0.17662, 0.380936, score = -31294.9)
[06:00:48] (2e-10, 0.17662, 0.380936, score = -31294.9)
[06:01:56] (1e-10, 0.17662, 0.380936, score = -31294.9)
[06:03:09] (1e-10, 0.17662, 0.380936, score = -31294.9)
[06:04:22] (1e-10, 0.17662, 0.380936, score = -31294.9)
[06:05:33] (2e-10, 0.17662, 0.380936, score = -31294.9)
[06:06:44] (1e-10, 0.17662, 0.380936, score = -31294.9)
[06:07:55] (1e-10, 0.17662, 0.380936, score = -31294.9)
[06:09:05] (1e-10, 0.17662, 0.380936, score = -31294.9)
[06:10:16] (2e-10, 0.17662, 0.380936, score = -31294.9)
[06:11:26] (1e-10, 0.17662, 0.380936, score = -31294.9)
[06:12:36] (1e-10, 0.17662, 0.380936, score = -31294.9)
[06:13:46] (1e-10, 0.17662, 0.380936, score = -31294.9)
[06:14:55] (2e-10, 0.17662, 0.380936, score = -31294.9)
[06:16:05] (1e-10, 0.17662, 0.380936, score = -31294.9)
[06:17:14] (1e-10, 0.17662, 0.380936, score = -31294.9)
[06:18:24] (1e-10, 0.17662, 0.380936, score = -31294.9)
[06:19:33] (2e-10, 0.17662, 0.380936, score = -31294.9)
[06:20:42] (1e-10, 0.17662, 0.380936, score = -31294.9)
[06:21:51] (1e-10, 0.17662, 0.380936, score = -31294.9)
[06:23:00] (1e-10, 0.17662, 0.380936, score = -31294.9)
[06:24:09] (2e-10, 0.17662, 0.380936, score = -31294.9)
[06:25:18] (1e-10, 0.17662, 0.380936, score = -31294.9)
[06:26:27] (1e-10, 0.17662, 0.380936, score = -31294.9)
[06:27:36] (1e-10, 0.17662, 0.380936, score = -31294.9)
[06:28:45] (2e-10, 0.17662, 0.380936, score = -31294.9)
[06:29:54] (1e-10, 0.17662, 0.380936, score = -31294.9)
[06:31:03] (1e-10, 0.17662, 0.380936, score = -31294.9)
[06:32:12] (1e-10, 0.17662, 0.380936, score = -31294.9)
[06:33:25] optx = (1e-10, 0.17662, 0.380936, score = -31294.9)
[06:34:44] [Species search]   After model rate opt, ll=-31294.9
[06:39:14] [Species search] Start new transfer-guided round. Inferred transfers:4345
[06:41:51] 	better tree (transfers:0.0794702, trial: 2, ll=-31247.7, hash=72332) Node_species3_species1_0 -> species17
[06:50:25] 	better tree (transfers:0.0568182, trial: 9, ll=-31246.8, hash=12498) Node_species12_species7_0 -> Node_species4_species25_0
[06:51:37] 	better tree (transfers:0.0522388, trial: 10, ll=-31225.8, hash=26017) species10 -> Node_species12_species16_0
[06:52:49] 	better tree (transfers:0.0520446, trial: 11, ll=-31214.8, hash=62853) species16 -> Node_species26_species18_0
[07:17:30] 	better tree (transfers:0.03125, trial: 32, ll=-31200.4, hash=42259) species4 -> Node_species8_species12_0
[07:25:21] 	better tree (transfers:0.0310881, trial: 38, ll=-31195.5, hash=44085) Node_species8_species17_0 -> species17
[07:27:59] 	better tree (transfers:0.0298507, trial: 40, ll=-31163.9, hash=81851) Node_species12_species4_0 -> Node_species21_species9_0
[07:51:36] 	better tree (transfers:0.0271318, trial: 60, ll=-31143.7, hash=71190) species14 -> Node_species19_species15_0
[07:52:46] 	better tree (transfers:0.0265487, trial: 61, ll=-31126.4, hash=91939) Node_species10_species19_0 -> species4
[08:34:07] 	better tree (transfers:0.0223214, trial: 95, ll=-31081.2, hash=66355) species15 -> Node_species8_species12_0
[09:08:24] 	better tree (transfers:0.0208333, trial: 123, ll=-31068.3, hash=12463) species8 -> species1
[10:09:27] [Species search] Switch to hardToFindBetter mode
[10:10:46] [Species search] Optimizing model rates (light)
[10:10:46] Free parameters: 3
[10:12:06] (1e-10, 0.17662, 0.380936, score = -31068.3)
[10:13:25] (2e-10, 0.17662, 0.380936, score = -31068.3)
[10:14:40] (1e-10, 0.17662, 0.380936, score = -31068.3)
[10:15:56] (1e-10, 0.17662, 0.380936, score = -31068.3)
[10:17:15] (1e-10, 2, 1e-10, score = -96355.7)
[10:18:34] (2e-10, 2, 1e-10, score = -96264.2)
[10:19:53] (1e-10, 2, 1e-10, score = -96355.7)
[10:21:05] (1e-10, 2, 2e-10, score = -94822.1)
[10:22:18] (1e-10, 0.793385, 0.252083, score = -33784.2)
[10:23:31] (2e-10, 0.793385, 0.252083, score = -33784.2)
[10:24:43] (1e-10, 0.793385, 0.252083, score = -33784.2)
[10:25:55] (1e-10, 0.793385, 0.252083, score = -33784.2)
[10:27:06] (1e-10, 0.209452, 0.374076, score = -31060.1)
[10:28:17] (2e-10, 0.209452, 0.374076, score = -31060.1)
[10:29:28] (1e-10, 0.209452, 0.374076, score = -31060.1)
[10:30:39] (1e-10, 0.209452, 0.374076, score = -31060.1)
[10:31:50] (1e-10, 0.197976, 0.358876, score = -31053.1)
[10:33:00] (2e-10, 0.197976, 0.358876, score = -31053.1)
[10:34:11] (1e-10, 0.197976, 0.358876, score = -31053.1)
[10:35:21] (1e-10, 0.197976, 0.358876, score = -31053.1)
[10:36:31] (1e-10, 0.192914, 0.347435, score = -31051.9)
[10:37:41] (2e-10, 0.192914, 0.347435, score = -31051.9)
[10:38:51] (1e-10, 0.192914, 0.347435, score = -31051.9)
[10:40:00] (1e-10, 0.192914, 0.347435, score = -31051.9)
[10:41:10] (1e-10, 0.193644, 0.348462, score = -31051.9)
[10:42:20] (2e-10, 0.193644, 0.348462, score = -31051.9)
[10:43:29] (1e-10, 0.193644, 0.348462, score = -31051.9)
[10:44:39] (1e-10, 0.193644, 0.348462, score = -31051.9)
[10:45:48] (1e-10, 0.193648, 0.348438, score = -31051.9)
[10:46:57] (2e-10, 0.193648, 0.348438, score = -31051.9)
[10:48:07] (1e-10, 0.193648, 0.348438, score = -31051.9)
[10:49:16] (1e-10, 0.193648, 0.348438, score = -31051.9)
[10:50:26] (1e-10, 0.193648, 0.348438, score = -31051.9)
[10:51:36] optx = (1e-10, 0.193648, 0.348438, score = -31051.9)
[10:52:51] [Species search]   After model rate opt, ll=-31051.9
[10:57:29] [Species search] Start new transfer-guided round. Inferred transfers:4136
[11:00:06] 	better tree (transfers:0.0754717, trial: 2, ll=-31006.4, hash=10481) Node_species12_species7_0 -> species12
[11:17:21] 	better tree (transfers:0.0414508, trial: 12, ll=-30964.6, hash=7667) Node_species3_species1_0 -> species19
[11:30:27] 	better tree (transfers:0.0381944, trial: 19, ll=-30957.8, hash=375) species8 -> species19
[11:31:39] 	found better* (LL=-30933.5, hash=69183)
[12:41:36] [Species search] Optimizing model rates (light)
[12:41:36] Free parameters: 3
[12:42:48] (1e-10, 0.193648, 0.348438, score = -30933.5)
[12:44:00] (2e-10, 0.193648, 0.348438, score = -30933.5)
[12:45:12] (1e-10, 0.193648, 0.348438, score = -30933.5)
[12:46:24] (1e-10, 0.193648, 0.348438, score = -30933.5)
[12:47:35] (1e-10, 2, 1e-10, score = -95968.8)
[12:48:46] (2e-10, 2, 1e-10, score = -95907.3)
[12:49:58] (1e-10, 2, 1e-10, score = -95968.8)
[12:51:09] (1e-10, 2, 2e-10, score = -94410.2)
[12:52:20] (1e-10, 0.800475, 0.231384, score = -33863.6)
[12:53:31] (2e-10, 0.800475, 0.231384, score = -33863.6)
[12:54:43] (1e-10, 0.800475, 0.231384, score = -33863.6)
[12:55:54] (1e-10, 0.800475, 0.231384, score = -33863.6)
[12:57:05] (1e-10, 0.209767, 0.345329, score = -30931.5)
[12:58:16] (2e-10, 0.209767, 0.345329, score = -30931.5)
[12:59:27] (1e-10, 0.209767, 0.345329, score = -30931.5)
[13:00:44] (1e-10, 0.209767, 0.345329, score = -30931.5)
[13:02:06] (1e-10, 0.204209, 0.340924, score = -30930.6)
[13:03:27] (2e-10, 0.204209, 0.340924, score = -30930.6)
[13:04:48] (1e-10, 0.204209, 0.340924, score = -30930.6)
[13:06:04] (1e-10, 0.204209, 0.340924, score = -30930.6)
[13:07:23] (1e-10, 0.202611, 0.337474, score = -30930.4)
[13:08:45] (2e-10, 0.202611, 0.337474, score = -30930.4)
[13:10:06] (1e-10, 0.202611, 0.337474, score = -30930.4)
[13:11:26] (1e-10, 0.202611, 0.337474, score = -30930.4)
[13:12:38] (1e-10, 0.202858, 0.337346, score = -30930.4)
[13:13:54] (2e-10, 0.202858, 0.337346, score = -30930.4)
[13:15:08] (1e-10, 0.202858, 0.337346, score = -30930.4)
[13:16:22] (1e-10, 0.202858, 0.337346, score = -30930.4)
[13:17:35] (1e-10, 0.202866, 0.337293, score = -30930.4)
[13:18:48] (2e-10, 0.202866, 0.337293, score = -30930.4)
[13:20:01] (1e-10, 0.202866, 0.337293, score = -30930.4)
[13:21:13] (1e-10, 0.202866, 0.337293, score = -30930.4)
[13:22:26] (1e-10, 0.20286, 0.33733, score = -30930.4)
[13:23:38] (2e-10, 0.20286, 0.33733, score = -30930.4)
[13:24:50] (1e-10, 0.20286, 0.33733, score = -30930.4)
[13:26:02] (1e-10, 0.20286, 0.33733, score = -30930.4)
[13:27:14] (1e-10, 0.20286, 0.33733, score = -30930.4)
[13:28:26] optx = (1e-10, 0.20286, 0.33733, score = -30930.4)
[13:29:37] [Species search]   After model rate opt, ll=-30930.4
[13:33:45] [Species search] Start new transfer-guided round. Inferred transfers:4042
[13:42:10] 	better tree (transfers:0.042328, trial: 7, ll=-30918.5, hash=21872) species4 -> Node_species12_species7_0
[14:57:18] [Species search] Optimizing model rates (light)
[14:57:18] Free parameters: 3
[14:58:29] (1e-10, 0.20286, 0.33733, score = -30918.5)
[14:59:41] (2e-10, 0.20286, 0.33733, score = -30918.5)
[15:00:53] (1e-10, 0.20286, 0.33733, score = -30918.5)
[15:02:04] (1e-10, 0.20286, 0.33733, score = -30918.5)
[15:03:16] (1e-10, 1e-10, 2, score = -36230.8)
[15:04:27] (2e-10, 1e-10, 2, score = -36230.8)
[15:05:39] (1e-10, 2e-10, 2, score = -36230.8)
[15:06:50] (1e-10, 1e-10, 2, score = -36230.8)
[15:08:03] (1e-10, 0.171433, 0.594907, score = -31396)
[15:09:21] (2e-10, 0.171433, 0.594907, score = -31396)
[15:10:43] (1e-10, 0.171433, 0.594907, score = -31396)
[15:12:05] (1e-10, 0.171433, 0.594907, score = -31396)
[15:13:26] (1e-10, 0.202317, 0.341785, score = -30918.3)
[15:14:41] (2e-10, 0.202317, 0.341785, score = -30918.3)
[15:16:02] (1e-10, 0.202317, 0.341785, score = -30918.3)
[15:17:24] (1e-10, 0.202317, 0.341785, score = -30918.3)
[15:18:46] (1e-10, 0.198538, 0.339854, score = -30918.1)
[15:20:03] (2e-10, 0.198538, 0.339854, score = -30918.1)
[15:21:12] (1e-10, 0.198538, 0.339854, score = -30918.1)
[15:22:21] (1e-10, 0.198538, 0.339854, score = -30918.1)
[15:23:30] (1e-10, 0.198604, 0.339873, score = -30918.1)
[15:24:39] (2e-10, 0.198604, 0.339873, score = -30918.1)
[15:25:48] (1e-10, 0.198604, 0.339873, score = -30918.1)
[15:26:57] (1e-10, 0.198604, 0.339873, score = -30918.1)
[15:28:06] (1e-10, 0.198569, 0.339863, score = -30918.1)
[15:29:15] (2e-10, 0.198569, 0.339863, score = -30918.1)
[15:30:24] (1e-10, 0.198569, 0.339863, score = -30918.1)
[15:31:33] (1e-10, 0.198569, 0.339863, score = -30918.1)
[15:32:42] (1e-10, 0.198569, 0.339863, score = -30918.1)
[15:33:51] optx = (1e-10, 0.198569, 0.339863, score = -30918.1)
[15:35:00] [Species search]   After model rate opt, ll=-30918.1
[15:38:54] [Species search] Start new transfer-guided round. Inferred transfers:4081
[16:37:54] [Species search] After transfer search: LL=-30918.1
[16:37:54] After normal search: LL=-30918.1
save support tree alerax_output/species_trees/species_tree_support_kh.newick

[16:37:54] [Species search] Root search with depth=3
[16:52:52] [Species search] After root search: LL=-30918.1 

[16:52:53] [Species search] Starting species tree local SPR search, radius=1, bestLL=-30918.1, hash=21872)
[16:52:53] [Species search] Start SPR Round radius=1
[17:56:10] 	better tree (LL=-30832.5, hash=30062) species10 -> Node_species6_species13_0
[18:04:18] 	found better* (LL=-30811.8, hash=41232)
[18:35:26] 	better tree (LL=-30792.9, hash=87984) species27 -> species21
[19:58:07] 	better tree (LL=-30788.9, hash=60380) Node_species27_species23_0 -> species26
[20:17:37] [Species search] Start SPR Round radius=1
[22:38:55] 	better tree (LL=-30787.4, hash=57260) Node_species4_species6_0 -> species3
[22:45:52] 	better tree (LL=-30786.4, hash=97595) Node_species4_species25_0 -> species22
[23:24:51] [Species search] Start SPR Round radius=1
[26:22:36] After normal search: LL=-30786.4
[26:22:36] After normal search: LL=-30786.4
save support tree alerax_output/species_trees/species_tree_support_kh.newick

[26:22:38] [Species search] Root search with depth=3
[26:37:36] [Species search] After root search: LL=-30786.4 

[26:37:39] [Species search] Starting species tree transfer-guided search, bestLL=-30786.4, hash=97595)
[26:38:48] [Species search] Optimizing model rates (light)
[26:38:48] Free parameters: 3
[26:39:57] (1e-10, 0.198569, 0.339863, score = -30786.4)
[26:41:06] (2e-10, 0.198569, 0.339863, score = -30786.4)
[26:42:15] (1e-10, 0.198569, 0.339863, score = -30786.4)
[26:43:23] (1e-10, 0.198569, 0.339863, score = -30786.4)
[26:44:44] (1e-10, 1e-10, 1e-10, score = -131009)
[26:46:05] (2e-10, 1e-10, 1e-10, score = -131009)
[26:47:25] (1e-10, 2e-10, 1e-10, score = -130191)
[26:48:41] (1e-10, 1e-10, 2e-10, score = -128440)
[26:49:50] (1e-10, 0.132361, 0.226543, score = -31020.5)
[26:50:59] (2e-10, 0.132361, 0.226543, score = -31020.5)
[26:52:08] (1e-10, 0.132361, 0.226543, score = -31020.5)
[26:53:17] (1e-10, 0.132361, 0.226543, score = -31020.5)
[26:54:25] (1e-10, 0.196343, 0.336054, score = -30786.1)
[26:55:34] (2e-10, 0.196343, 0.336054, score = -30786.1)
[26:56:43] (1e-10, 0.196343, 0.336054, score = -30786.1)
[26:57:52] (1e-10, 0.196343, 0.336054, score = -30786.1)
[26:59:00] (1e-10, 0.19597, 0.3359, score = -30786.1)
[27:00:09] (2e-10, 0.19597, 0.3359, score = -30786.1)
[27:01:18] (1e-10, 0.19597, 0.3359, score = -30786.1)
[27:02:27] (1e-10, 0.19597, 0.3359, score = -30786.1)
[27:03:36] (1e-10, 0.195949, 0.335842, score = -30786.1)
[27:04:44] (2e-10, 0.195949, 0.335842, score = -30786.1)
[27:05:53] (1e-10, 0.195949, 0.335842, score = -30786.1)
[27:07:02] (1e-10, 0.195949, 0.335842, score = -30786.1)
[27:08:11] (1e-10, 0.195964, 0.335884, score = -30786.1)
[27:09:19] (2e-10, 0.195964, 0.335884, score = -30786.1)
[27:10:28] (1e-10, 0.195964, 0.335884, score = -30786.1)
[27:11:37] (1e-10, 0.195964, 0.335884, score = -30786.1)
[27:12:46] (1e-10, 0.195964, 0.335884, score = -30786.1)
[27:13:55] optx = (1e-10, 0.195964, 0.335884, score = -30786.1)
[27:15:03] [Species search]   After model rate opt, ll=-30786.1
[27:19:10] [Species search] Start new transfer-guided round. Inferred transfers:4084
[27:38:56] 	better tree (transfers:0.0364583, trial: 17, ll=-30780.7, hash=95634) species25 -> Node_species12_species7_0
[28:18:04] 	better tree (transfers:0.0288066, trial: 43, ll=-30776.3, hash=56215) species4 -> Node_species19_species15_0
[28:22:43] 	found better* (LL=-30758.8, hash=30919)
[29:30:30] [Species search] Optimizing model rates (light)
[29:30:30] Free parameters: 3
[29:31:39] (1e-10, 0.195964, 0.335884, score = -30758.8)
[29:32:48] (2e-10, 0.195964, 0.335884, score = -30758.8)
[29:33:56] (1e-10, 0.195964, 0.335884, score = -30758.8)
[29:35:05] (1e-10, 0.195964, 0.335884, score = -30758.8)
[29:36:14] (1e-10, 2, 1e-10, score = -95754.5)
[29:37:23] (2e-10, 2, 1e-10, score = -95694.6)
[29:38:32] (1e-10, 2, 1e-10, score = -95754.5)
[29:39:41] (1e-10, 2, 2e-10, score = -94186.3)
[29:40:49] (1e-10, 0.798328, 0.223733, score = -33784.6)
[29:41:58] (2e-10, 0.798328, 0.223733, score = -33784.6)
[29:43:07] (1e-10, 0.798328, 0.223733, score = -33784.6)
[29:44:16] (1e-10, 0.798328, 0.223733, score = -33784.6)
[29:45:25] (1e-10, 0.19942, 0.335241, score = -30758.7)
[29:46:34] (2e-10, 0.19942, 0.335241, score = -30758.7)
[29:47:43] (1e-10, 0.19942, 0.335241, score = -30758.7)
[29:48:51] (1e-10, 0.19942, 0.335241, score = -30758.7)
[29:50:00] (1e-10, 0.198219, 0.334737, score = -30758.7)
[29:51:09] (2e-10, 0.198219, 0.334737, score = -30758.7)
[29:52:18] (1e-10, 0.198219, 0.334737, score = -30758.7)
[29:53:27] (1e-10, 0.198219, 0.334737, score = -30758.7)
[29:54:36] (1e-10, 0.198034, 0.334381, score = -30758.7)
[29:55:45] (2e-10, 0.198034, 0.334381, score = -30758.7)
[29:56:53] (1e-10, 0.198034, 0.334381, score = -30758.7)
[29:58:02] (1e-10, 0.198034, 0.334381, score = -30758.7)
[29:59:11] (1e-10, 0.197956, 0.334209, score = -30758.7)
[30:00:20] (2e-10, 0.197956, 0.334209, score = -30758.7)
[30:01:29] (1e-10, 0.197956, 0.334209, score = -30758.7)
[30:02:38] (1e-10, 0.197956, 0.334209, score = -30758.7)
[30:03:46] (1e-10, 0.197956, 0.334209, score = -30758.7)
[30:04:55] optx = (1e-10, 0.197956, 0.334209, score = -30758.7)
[30:06:04] [Species search]   After model rate opt, ll=-30758.7
[30:10:06] [Species search] Start new transfer-guided round. Inferred transfers:4085
[31:09:02] [Species search] After transfer search: LL=-30758.7
[31:09:02] After normal search: LL=-30758.7
save support tree alerax_output/species_trees/species_tree_support_kh.newick

[31:09:02] [Species search] Root search with depth=3
[31:24:00] [Species search] After root search: LL=-30758.7 

[31:24:03] [Species search] Starting species tree local SPR search, radius=1, bestLL=-30758.7, hash=30919)
[31:24:03] [Species search] Start SPR Round radius=1
[32:13:29] 	better tree (LL=-30757.9, hash=78838) species14 -> Node_species28_species2_0
[32:16:58] 	found better* (LL=-30752.1, hash=48259)
[33:56:10] 	better tree (LL=-30748.5, hash=6708) Node_species4_species6_0 -> species24
[34:37:08] [Species search] Start SPR Round radius=1
[37:33:50] After normal search: LL=-30748.5
[37:33:50] After normal search: LL=-30748.5
save support tree alerax_output/species_trees/species_tree_support_kh.newick

[37:33:52] [Species search] Root search with depth=3
[37:48:41] [Species search] After root search: LL=-30748.5 

[37:48:42] [Species search] Starting species tree transfer-guided search, bestLL=-30748.5, hash=6708)
[37:49:50] [Species search] Optimizing model rates (light)
[37:49:50] Free parameters: 3
[37:50:58] (1e-10, 0.197956, 0.334209, score = -30748.5)
[37:52:06] (2e-10, 0.197956, 0.334209, score = -30748.5)
[37:53:14] (1e-10, 0.197956, 0.334209, score = -30748.5)
[37:54:22] (1e-10, 0.197956, 0.334209, score = -30748.5)
[37:55:30] (1e-10, 2, 1e-10, score = -95493.5)
[37:56:38] (2e-10, 2, 1e-10, score = -95434.4)
[37:57:47] (1e-10, 2, 1e-10, score = -95493.5)
[37:58:55] (1e-10, 2, 2e-10, score = -93931)
[38:00:03] (1e-10, 0.801206, 0.222329, score = -33749.3)
[38:01:11] (2e-10, 0.801206, 0.222329, score = -33749.3)
[38:02:19] (1e-10, 0.801206, 0.222329, score = -33749.3)
[38:03:27] (1e-10, 0.801206, 0.222329, score = -33749.3)
[38:04:35] (1e-10, 0.2066, 0.332606, score = -30748)
[38:05:43] (2e-10, 0.2066, 0.332606, score = -30748)
[38:06:52] (1e-10, 0.2066, 0.332606, score = -30748)
[38:08:00] (1e-10, 0.2066, 0.332606, score = -30748)
[38:09:08] (1e-10, 0.203834, 0.331279, score = -30747.8)
[38:10:16] (2e-10, 0.203834, 0.331279, score = -30747.8)
[38:11:24] (1e-10, 0.203834, 0.331279, score = -30747.8)
[38:12:32] (1e-10, 0.203834, 0.331279, score = -30747.8)
[38:13:40] (1e-10, 0.203371, 0.330383, score = -30747.8)
[38:14:48] (2e-10, 0.203371, 0.330383, score = -30747.8)
[38:15:56] (1e-10, 0.203371, 0.330383, score = -30747.8)
[38:17:05] (1e-10, 0.203371, 0.330383, score = -30747.8)
[38:18:13] (1e-10, 0.203395, 0.330176, score = -30747.8)
[38:19:21] (2e-10, 0.203395, 0.330176, score = -30747.8)
[38:20:29] (1e-10, 0.203395, 0.330176, score = -30747.8)
[38:21:37] (1e-10, 0.203395, 0.330176, score = -30747.8)
[38:22:45] (1e-10, 0.203427, 0.330169, score = -30747.8)
[38:23:53] (2e-10, 0.203427, 0.330169, score = -30747.8)
[38:25:01] (1e-10, 0.203427, 0.330169, score = -30747.8)
[38:26:10] (1e-10, 0.203427, 0.330169, score = -30747.8)
[38:27:18] (1e-10, 0.203427, 0.330169, score = -30747.8)
[38:28:26] optx = (1e-10, 0.203427, 0.330169, score = -30747.8)
[38:29:34] [Species search]   After model rate opt, ll=-30747.8
[38:33:29] [Species search] Start new transfer-guided round. Inferred transfers:4065
[39:31:53] [Species search] After transfer search: LL=-30747.8
[39:31:53] After normal search: LL=-30747.8
save support tree alerax_output/species_trees/species_tree_support_kh.newick

[39:31:53] [Species search] Root search with depth=3
[39:46:43] [Species search] After root search: LL=-30747.8 

[39:46:43] [Species search] Root search with depth=4294967295
[40:49:36] [Species search] After root search: LL=-30747.8 
[40:50:46] [Species search] Optimizing model rates (light)
[40:50:46] Free parameters: 3
[40:51:54] (1e-10, 0.203427, 0.330169, score = -30747.8)
[40:53:02] (2e-10, 0.203427, 0.330169, score = -30747.8)
[40:54:10] (1e-10, 0.203427, 0.330169, score = -30747.8)
[40:55:18] (1e-10, 0.203427, 0.330169, score = -30747.8)
[40:56:26] (1e-10, 0.739931, 0.219984, score = -33381.7)
[40:57:34] (2e-10, 0.739931, 0.219984, score = -33381.7)
[40:58:42] (1e-10, 0.739931, 0.219984, score = -33381.7)
[40:59:50] (1e-10, 0.739931, 0.219984, score = -33381.7)
[41:00:58] (1e-10, 0.20345, 0.330164, score = -30747.8)
[41:02:07] (2e-10, 0.20345, 0.330164, score = -30747.8)
[41:03:15] (1e-10, 0.20345, 0.330164, score = -30747.8)
[41:04:23] (1e-10, 0.20345, 0.330164, score = -30747.8)
[41:05:31] (1e-10, 0.20343, 0.330169, score = -30747.8)
[41:06:39] (2e-10, 0.20343, 0.330169, score = -30747.8)
[41:07:47] (1e-10, 0.20343, 0.330169, score = -30747.8)
[41:08:55] (1e-10, 0.20343, 0.330169, score = -30747.8)
[41:10:03] (1e-10, 0.203428, 0.330169, score = -30747.8)
[41:11:11] (2e-10, 0.203428, 0.330169, score = -30747.8)
[41:12:19] (1e-10, 0.203428, 0.330169, score = -30747.8)
[41:13:27] (1e-10, 0.203428, 0.330169, score = -30747.8)
[41:14:35] (1e-10, 0.203427, 0.330169, score = -30747.8)
[41:15:43] (2e-10, 0.203427, 0.330169, score = -30747.8)
[41:16:52] (1e-10, 0.203427, 0.330169, score = -30747.8)
[41:18:00] (1e-10, 0.203427, 0.330169, score = -30747.8)
[41:19:08] (1e-10, 0.203427, 0.330169, score = -30747.8)
[41:20:16] (2e-10, 0.203427, 0.330169, score = -30747.8)
[41:21:24] (1e-10, 0.203427, 0.330169, score = -30747.8)
[41:22:32] (1e-10, 0.203427, 0.330169, score = -30747.8)
[41:23:40] (1e-10, 0.203427, 0.330169, score = -30747.8)
[41:24:48] (2e-10, 0.203427, 0.330169, score = -30747.8)
[41:25:56] (1e-10, 0.203427, 0.330169, score = -30747.8)
[41:27:05] (1e-10, 0.203427, 0.330169, score = -30747.8)
[41:28:13] (1e-10, 0.203427, 0.330169, score = -30747.8)
[41:29:21] (2e-10, 0.203427, 0.330169, score = -30747.8)
[41:30:29] (1e-10, 0.203427, 0.330169, score = -30747.8)
[41:31:37] (1e-10, 0.203427, 0.330169, score = -30747.8)
[41:32:45] (1e-10, 0.203427, 0.330169, score = -30747.8)
[41:33:53] (2e-10, 0.203427, 0.330169, score = -30747.8)
[41:35:01] (1e-10, 0.203427, 0.330169, score = -30747.8)
[41:36:09] (1e-10, 0.203427, 0.330169, score = -30747.8)
[41:37:17] (1e-10, 0.203427, 0.330169, score = -30747.8)
[41:38:25] (2e-10, 0.203427, 0.330169, score = -30747.8)
[41:39:33] (1e-10, 0.203427, 0.330169, score = -30747.8)
[41:40:41] (1e-10, 0.203427, 0.330169, score = -30747.8)
[41:41:49] (1e-10, 0.203427, 0.330169, score = -30747.8)
[41:42:58] (2e-10, 0.203427, 0.330169, score = -30747.8)
[41:44:06] (1e-10, 0.203427, 0.330169, score = -30747.8)
[41:45:14] (1e-10, 0.203427, 0.330169, score = -30747.8)
[41:46:22] (1e-10, 0.203427, 0.330169, score = -30747.8)
[41:47:30] (2e-10, 0.203427, 0.330169, score = -30747.8)
[41:48:38] (1e-10, 0.203427, 0.330169, score = -30747.8)
[41:49:46] (1e-10, 0.203427, 0.330169, score = -30747.8)
[41:50:54] (1e-10, 0.203427, 0.330169, score = -30747.8)
[41:52:02] (2e-10, 0.203427, 0.330169, score = -30747.8)
[41:53:10] (1e-10, 0.203427, 0.330169, score = -30747.8)
[41:54:18] (1e-10, 0.203427, 0.330169, score = -30747.8)
[41:55:26] (1e-10, 0.203427, 0.330169, score = -30747.8)
[41:56:34] optx = (1e-10, 0.203427, 0.330169, score = -30747.8)
[41:57:43] [Species search]   After model rate opt, ll=-30747.8
[41:57:45] [Species search] Optimizing model rates (thorough)
[41:57:45] Free parameters: 3
[41:58:53] (1e-10, 0.203427, 0.330169, score = -30747.8)
[42:00:01] (2e-10, 0.203427, 0.330169, score = -30747.8)
[42:01:09] (1e-10, 0.203427, 0.330169, score = -30747.8)
[42:02:17] (1e-10, 0.203427, 0.330169, score = -30747.8)
[42:03:25] (1e-10, 0.203427, 0.660725, score = -31433.4)
[42:04:33] (2e-10, 0.203427, 0.660725, score = -31433.4)
[42:05:41] (1e-10, 0.203427, 0.660725, score = -31433.4)
[42:06:49] (1e-10, 0.203427, 0.660725, score = -31433.4)
[42:07:57] (1e-10, 0.203427, 0.330187, score = -30747.8)
[42:09:06] (2e-10, 0.203427, 0.330187, score = -30747.8)
[42:10:14] (1e-10, 0.203427, 0.330187, score = -30747.8)
[42:11:22] (1e-10, 0.203427, 0.330187, score = -30747.8)
[42:12:30] (1e-10, 0.203427, 0.330171, score = -30747.8)
[42:13:38] (2e-10, 0.203427, 0.330171, score = -30747.8)
[42:14:46] (1e-10, 0.203427, 0.330171, score = -30747.8)
[42:15:54] (1e-10, 0.203427, 0.330171, score = -30747.8)
[42:17:02] (1e-10, 0.203427, 0.330169, score = -30747.8)
[42:18:10] (2e-10, 0.203427, 0.330169, score = -30747.8)
[42:19:18] (1e-10, 0.203427, 0.330169, score = -30747.8)
[42:20:26] (1e-10, 0.203427, 0.330169, score = -30747.8)
[42:21:34] (1e-10, 0.203427, 0.330169, score = -30747.8)
[42:22:43] (2e-10, 0.203427, 0.330169, score = -30747.8)
[42:23:51] (1e-10, 0.203427, 0.330169, score = -30747.8)
[42:24:59] (1e-10, 0.203427, 0.330169, score = -30747.8)
[42:26:07] (1e-10, 0.203427, 0.330169, score = -30747.8)
[42:27:15] (2e-10, 0.203427, 0.330169, score = -30747.8)
[42:28:23] (1e-10, 0.203427, 0.330169, score = -30747.8)
[42:29:31] (1e-10, 0.203427, 0.330169, score = -30747.8)
[42:30:39] (1e-10, 0.203427, 0.330169, score = -30747.8)
[42:31:47] (2e-10, 0.203427, 0.330169, score = -30747.8)
[42:32:55] (1e-10, 0.203427, 0.330169, score = -30747.8)
[42:34:04] (1e-10, 0.203427, 0.330169, score = -30747.8)
[42:35:12] (1e-10, 0.203427, 0.330169, score = -30747.8)
[42:36:20] (2e-10, 0.203427, 0.330169, score = -30747.8)
[42:37:28] (1e-10, 0.203427, 0.330169, score = -30747.8)
[42:38:36] (1e-10, 0.203427, 0.330169, score = -30747.8)
[42:39:44] (1e-10, 0.203427, 0.330169, score = -30747.8)
[42:40:52] (2e-10, 0.203427, 0.330169, score = -30747.8)
[42:42:00] (1e-10, 0.203427, 0.330169, score = -30747.8)
[42:43:08] (1e-10, 0.203427, 0.330169, score = -30747.8)
[42:44:16] (1e-10, 0.203427, 0.330169, score = -30747.8)
[42:45:24] (2e-10, 0.203427, 0.330169, score = -30747.8)
[42:46:32] (1e-10, 0.203427, 0.330169, score = -30747.8)
[42:47:40] (1e-10, 0.203427, 0.330169, score = -30747.8)
[42:48:48] (1e-10, 0.203427, 0.330169, score = -30747.8)
[42:49:57] (2e-10, 0.203427, 0.330169, score = -30747.8)
[42:51:05] (1e-10, 0.203427, 0.330169, score = -30747.8)
[42:52:13] (1e-10, 0.203427, 0.330169, score = -30747.8)
[42:53:21] (1e-10, 0.203427, 0.330169, score = -30747.8)
[42:54:29] (2e-10, 0.203427, 0.330169, score = -30747.8)
[42:55:37] (1e-10, 0.203427, 0.330169, score = -30747.8)
[42:56:45] (1e-10, 0.203427, 0.330169, score = -30747.8)
[42:57:53] (1e-10, 0.203427, 0.330169, score = -30747.8)
[42:59:01] (2e-10, 0.203427, 0.330169, score = -30747.8)
[43:00:09] (1e-10, 0.203427, 0.330169, score = -30747.8)
[43:01:17] (1e-10, 0.203427, 0.330169, score = -30747.8)
[43:02:25] (1e-10, 0.203427, 0.330169, score = -30747.8)
[43:03:33] (2e-10, 0.203427, 0.330169, score = -30747.8)
[43:04:42] (1e-10, 0.203427, 0.330169, score = -30747.8)
[43:05:50] (1e-10, 0.203427, 0.330169, score = -30747.8)
[43:06:58] (1e-10, 0.203427, 0.330169, score = -30747.8)
[43:08:06] (2e-10, 0.203427, 0.330169, score = -30747.8)
[43:09:14] (1e-10, 0.203427, 0.330169, score = -30747.8)
[43:10:22] (1e-10, 0.203427, 0.330169, score = -30747.8)
[43:11:30] (1e-10, 0.203427, 0.330169, score = -30747.8)
[43:12:38] optx = (1e-10, 0.203427, 0.330169, score = -30747.8)
[43:13:46] [Species search]   After model rate opt, ll=-30747.8
[43:13:47] Sampling reconciled gene trees... (100 samples)
[43:13:47] Sampling reconciliations...
[43:13:47] Exporting reconciliations...
[43:20:45] Exporting reconciliation summaries...
[43:20:46] Reconciliations output directory: alerax_output/reconciliations
[43:20:46] Final log likelihood: ll=-30747.8
[43:20:46] End of the execution
